<?xml version="1.0" encoding="UTF-8"?>
<!-- Generated by org.testng.reporters.JUnitReportReporter -->
<testsuite skipped="0" hostname="Aletek-PC" name="SeleniumAutomationPackage.TC003" tests="1" failures="0" timestamp="07 Jun 2017 01:59:04 GMT" time="29.422" errors="0">
  <testcase name="testCase3" time="29.422" classname="SeleniumAutomationPackage.TC003"/>
</testsuite> <!-- SeleniumAutomationPackage.TC003 -->
