<?xml version="1.0" encoding="UTF-8"?>
<!-- Generated by org.testng.reporters.JUnitReportReporter -->
<testsuite skipped="0" hostname="Aletek-PC" name="SeleniumAutomationPackage.TC001" tests="1" failures="0" timestamp="07 Jun 2017 01:59:04 GMT" time="26.889" errors="0">
  <testcase name="testCase1" time="26.889" classname="SeleniumAutomationPackage.TC001"/>
</testsuite> <!-- SeleniumAutomationPackage.TC001 -->
